<?xml version="1.0" encoding="UTF-8" ?>
<testsuites id="2026-09-16" name="report_1" tests="1" failures="1" skipped="0" flaky="0" time="0.000">
	<testsuite id="0" name="CommandTests" package="test" timestamp="2026-09-16T17:24:44" hostname="localhost" tests="1" failures="1" errors="0" skipped="0" flaky="0" time="0.898">
		<testcase name="TestCmdSlide" classname="ArFactory.Tests.CommandTests" time="0.589">
			<failure message="FAILED: res://test/CommandTests.cs:121" type="FAILURE">
<![CDATA[
Expecting be equal:
    '1' but is '2'
]]>
			</failure>
		</testcase>
	</testsuite>
</testsuites>
