<?xml version="1.0" encoding="UTF-8" ?>
<testsuites id="2026-09-14" name="report_1" tests="3" failures="0" skipped="0" flaky="0" time="0.000">
	<testsuite id="0" name="ExampleTests" package="test" timestamp="2026-09-14T13:56:07" hostname="localhost" tests="3" failures="0" errors="0" skipped="0" flaky="0" time="0.602">
		<testcase name="TestSomething" classname="ArFactory.Tests.ExampleTests" time="0.072">
		</testcase>
		<testcase name="TestGodotStuff" classname="ArFactory.Tests.ExampleTests" time="0.017">
		</testcase>
		<testcase name="TestAddition" classname="ArFactory.Tests.ExampleTests" time="0.000">
		</testcase>
		<testcase name="TestAddition" classname="ArFactory.Tests.ExampleTests" time="0.006">
		</testcase>
		<testcase name="TestAddition" classname="ArFactory.Tests.ExampleTests" time="0.022">
		</testcase>
		<testcase name="TestAddition" classname="ArFactory.Tests.ExampleTests" time="0.048">
		</testcase>
	</testsuite>
</testsuites>
