<?xml version="1.0" encoding="utf-8"?>
<TestRun id="976cdfcb-5233-47df-b97d-48bb968273dc" name="armando@DESKTOP-TEL8QA0 2026-09-14 10:34:30" runUser="DESKTOP-TEL8QA0\armando" xmlns="http://microsoft.com/schemas/VisualStudio/TeamTest/2010">
  <Times creation="2026-09-14T10:34:30.7709614+02:00" queuing="2026-09-14T10:34:30.7709618+02:00" start="2026-09-14T10:34:15.6316961+02:00" finish="2026-09-14T10:34:30.7713846+02:00" />
  <TestSettings name="default" id="bbcb24aa-e4f0-4e3b-b412-f754f4bd0a38">
    <Deployment runDeploymentRoot="armando_DESKTOP-TEL8QA0_2026-09-14_10_34_30" />
  </TestSettings>
  <TestLists>
    <TestList name="列表中未列出的结果" id="8c84fa94-04c1-424b-9868-57a2d4851a1d" />
    <TestList name="所有已加载的结果" id="19431567-8539-422a-85d7-44ee4e166bda" />
  </TestLists>
  <ResultSummary outcome="Failed">
    <Counters total="0" executed="0" passed="0" failed="0" error="0" timeout="0" aborted="0" inconclusive="0" passedButRunAborted="0" notRunnable="0" notExecuted="0" disconnected="0" warning="0" completed="0" inProgress="0" pending="0" />
    <Output>
      <StdOut>Running on GdUnit4 test engine version: 5.0.0.0&#xD;
Discover tests from assembly: E:\c++ related\godot\projects\ar-factory-(c#)\.godot\mono\temp\bin\Debug\arFactory (C#).dll&#xD;
Discover:  TestSuite ArFactory.TestUnit with 2 TestCases found.&#xD;
Discover tests done, 1 TestSuites and total 2 Tests found.&#xD;
Running on GdUnit4 test engine version: 5.0.0.0&#xD;
Set test session timeout to: 00:30:00&#xD;
Detected IDE DotNet&#xD;
Starting tests for assembly: E:\c++ related\godot\projects\ar-factory-(c#)\.godot\mono\temp\bin\Debug\arFactory (C#).dll&#xD;
Search '.csproj' at E:\c++ related\godot\projects\ar-factory-(c#)\.godot\mono\temp\bin\Debug\arFactory (C#).dll&#xD;
Set current working directory to: E:\c++ related\godot\projects\ar-factory-(c#)&#xD;
Starting GodotGdUnit4RestClient.&#xD;
Working dir E:\c++ related\godot\projects\ar-factory-(c#)&#xD;
Rebuild Godot Project ... E:\c++ related\godot\engine\Godot_v4.7.2-stable_mono_win64\Godot_v4.7.2-stable_mono_win64.exe --path . -e --headless --quit-after 1000 --verbose&#xD;
.. WorkerThreadPool: 12 threads, 9 max low-priority.&#xD;
:: ERROR: Unrecognized UID: "uid://bb6qht3iamcci".&#xD;
:: at: get_id_path (core/io/resource_uid.cpp:214)&#xD;
.. Godot Engine v4.7.2.stable.mono.official.ed1daf0bf - https://godotengine.org&#xD;
.. TextServer: Added interface "Dummy"&#xD;
.. TextServer: Added interface "ICU / HarfBuzz / Graphite (Built-in)"&#xD;
.. Using "default" pen tablet driver...&#xD;
.. TextServer: Primary interface set to: "ICU / HarfBuzz / Graphite (Built-in)".&#xD;
.. .NET: Initializing module...&#xD;
.. Found hostfxr: C:\Program Files\dotnet/host/fxr/10.0.11/hostfxr.dll&#xD;
.. .NET: hostfxr initialized&#xD;
.. .NET: GodotPlugins initialized&#xD;
.. CORE API HASH: 3677103882&#xD;
.. EDITOR API HASH: 1629494564&#xD;
.. SceneTreeFTI: traversal method DEFAULT&#xD;
.. Loading resource: C:/Users/armando/AppData/Roaming/Godot/editor_settings-4.7.tres remapped: C:/Users/armando/AppData/Roaming/Godot/editor_settings-4.7.tres&#xD;
.. Completed load for: 'C:/Users/armando/AppData/Roaming/Godot/editor_settings-4.7.tres' remapped 'C:/Users/armando/AppData/Roaming/Godot/editor_settings-4.7.tres' at thread -1&#xD;
.. EditorSettings: Load OK!&#xD;
.. EditorTheme: Generating new theme for the config '1244601952'.&#xD;
.. EditorTheme: Generating new icons.&#xD;
.. EditorTheme: Generating new fonts.&#xD;
.. EditorTheme: Generating new styles.&#xD;
:: ERROR: Unrecognized UID: "uid://bb6qht3iamcci".&#xD;
:: at: get_id_path (core/io/resource_uid.cpp:214)&#xD;
.. Found .NET Sdk version '10.0.400': C:\Program Files\dotnet\sdk\10.0.400&#xD;
.. Loading resource: C:/Users/armando/AppData/Local/Godot/editor_doc_cache-4.7.res remapped: C:/Users/armando/AppData/Local/Godot/editor_doc_cache-4.7.res&#xD;
.. Loaded system CA certificates&#xD;
.. Completed load for: 'C:/Users/armando/AppData/Local/Godot/editor_doc_cache-4.7.res' remapped 'C:/Users/armando/AppData/Local/Godot/editor_doc_cache-4.7.res' at thread -1&#xD;
.. Failed to bind socket. Error: 3.&#xD;
.. [   0% ] \u001b[90m\u001b[1mfirst_scan_filesystem\u001b[22m | Started Project initialization (5 steps)\u001b[39m\u001b[0m&#xD;
.. [  16% ] \u001b[90m\u001b[1mfirst_scan_filesystem\u001b[22m | Loading global class names...\u001b[39m\u001b[0m&#xD;
.. [  33% ] \u001b[90m\u001b[1mfirst_scan_filesystem\u001b[22m | Verifying GDExtensions...\u001b[39m\u001b[0m&#xD;
.. [  50% ] \u001b[90m\u001b[1mfirst_scan_filesystem\u001b[22m | Creating autoload scripts...\u001b[39m\u001b[0m&#xD;
:: ERROR: Unrecognized UID: "uid://bb6qht3iamcci".&#xD;
:: at: get_id_path (core/io/resource_uid.cpp:214)&#xD;
.. Loading resource: res:// remapped: res://&#xD;
.. Failed loading resource: res://&#xD;
:: ERROR: Resource file not found: res:// (expected type: unknown)&#xD;
:: at: _load (core/io/resource_loader.cpp:325)&#xD;
.. Completed load for: 'res://' remapped 'res://' at thread -1&#xD;
:: ERROR: Failed to create an autoload, can't load from UID or path: .&#xD;
:: at: _create_autoload (editor/settings/editor_autoload_settings.cpp:336)&#xD;
.. [  66% ] \u001b[90m\u001b[1mfirst_scan_filesystem\u001b[22m | Initializing plugins...\u001b[39m\u001b[0m&#xD;
.. Loading resource: res://addons/gut/gut_plugin.gd remapped: res://addons/gut/gut_plugin.gd&#xD;
.. Loading resource: res://addons/gut/gui/GutBottomPanel.tscn remapped: res://addons/gut/gui/GutBottomPanel.tscn&#xD;
.. Loading resource: res://addons/gut/gui/GutBottomPanel.gd remapped: res://addons/gut/gui/GutBottomPanel.gd&#xD;
.. Loading resource: res://addons/gut/GutScene.tscn remapped: res://addons/gut/GutScene.tscn&#xD;
.. Loading resource: res://addons/gut/GutScene.gd remapped: res://addons/gut/GutScene.gd&#xD;
.. Completed load for: 'res://addons/gut/GutScene.gd' remapped 'res://addons/gut/GutScene.gd' at thread -1&#xD;
.. Loading resource: res://addons/gut/gui/NormalGui.tscn remapped: res://addons/gut/gui/NormalGui.tscn&#xD;
.. Loading resource: res://addons/gut/gui/GutSceneTheme.tres remapped: res://addons/gut/gui/GutSceneTheme.tres&#xD;
.. Loading resource: res://addons/gut/fonts/AnonymousPro-Regular.ttf remapped: res://addons/gut/fonts/AnonymousPro-Regular.ttf&#xD;
.. Loading resource: res://.godot/imported/AnonymousPro-Regular.ttf-856c843fd6f89964d2ca8d8ff1724f13.fontdata remapped: res://.godot/imported/AnonymousPro-Regular.ttf-856c843fd6f89964d2ca8d8ff1724f13.fontdata&#xD;
.. Completed load for: 'res://addons/gut/fonts/AnonymousPro-Regular.ttf' remapped 'res://addons/gut/fonts/AnonymousPro-Regular.ttf' at thread -1&#xD;
.. Completed load for: 'res://addons/gut/gui/GutSceneTheme.tres' remapped 'res://addons/gut/gui/GutSceneTheme.tres' at thread -1&#xD;
.. Loading resource: res://addons/gut/gui/gut_gui.gd remapped: res://addons/gut/gui/gut_gui.gd&#xD;
.. Completed load for: 'res://addons/gut/gui/gut_gui.gd' remapped 'res://addons/gut/gui/gut_gui.gd' at thread -1&#xD;
.. Loading resource: res://addons/gut/fonts/CourierPrime-Regular.ttf remapped: res://addons/gut/fonts/CourierPrime-Regular.ttf&#xD;
.. Loading resource: res://.godot/imported/CourierPrime-Regular.ttf-3babe7e4a7a588dfc9a84c14b4f1fe23.fontdata remapped: res://.godot/imported/CourierPrime-Regular.ttf-3babe7e4a7a588dfc9a84c14b4f1fe23.fontdata&#xD;
.. Completed load for: 'res://addons/gut/fonts/CourierPrime-Regular.ttf' remapped 'res://addons/gut/fonts/CourierPrime-Regular.ttf' at thread -1&#xD;
.. Loading resource: res://addons/gut/gui/ResizeHandle.tscn remapped: res://addons/gut/gui/ResizeHandle.tscn&#xD;
.. Loading resource: res://addons/gut/gui/ResizeHandle.gd remapped: res://addons/gut/gui/ResizeHandle.gd&#xD;
.. Completed load for: 'res://addons/gut/gui/ResizeHandle.gd' remapped 'res://addons/gut/gui/ResizeHandle.gd' at thread -1&#xD;
.. Completed load for: 'res://addons/gut/gui/ResizeHandle.tscn' remapped 'res://addons/gut/gui/ResizeHandle.tscn' at thread -1&#xD;
.. Completed load for: 'res://addons/gut/gui/NormalGui.tscn' remapped 'res://addons/gut/gui/NormalGui.tscn' at thread -1&#xD;
.. Loading resource: res://addons/gut/gui/MinGui.tscn remapped: res://addons/gut/gui/MinGui.tscn&#xD;
.. Completed load for: 'res://addons/gut/gui/MinGui.tscn' remapped 'res://addons/gut/gui/MinGui.tscn' at thread -1&#xD;
.. Completed load for: 'res://addons/gut/GutScene.tscn' remapped 'res://addons/gut/GutScene.tscn' at thread -1&#xD;
.. Loading resource: res://addons/gut/lazy_loader.gd remapped: res://addons/gut/lazy_loader.gd&#xD;
.. Loading resource: res://addons/gut/thing_counter.gd remapped: res://addons/gut/thing_counter.gd&#xD;
.. Completed load for: 'res://addons/gut/thing_counter.gd' remapped 'res://addons/gut/thing_counter.gd' at thread -1&#xD;
.. Loading resource: res://addons/gut/warnings_manager.gd remapped: res://addons/gut/warnings_manager.gd&#xD;
.. Completed load for: 'res://addons/gut/warnings_manager.gd' remapped 'res://addons/gut/warnings_manager.gd' at thread -1&#xD;
.. Completed load for: 'res://addons/gut/lazy_loader.gd' remapped 'res://addons/gut/lazy_loader.gd' at thread -1&#xD;
.. Loading resource: res://addons/gut/version_numbers.gd remapped: res://addons/gut/version_numbers.gd&#xD;
.. Completed load for: 'res://addons/gut/version_numbers.gd' remapped 'res://addons/gut/version_numbers.gd' at thread -1&#xD;
.. Loading resource: res://addons/gut/gui/editor_globals.gd remapped: res://addons/gut/gui/editor_globals.gd&#xD;
.. Loading resource: res://addons/gut/gui/gut_user_preferences.gd remapped: res://addons/gut/gui/gut_user_preferences.gd&#xD;
.. Completed load for: 'res://addons/gut/gui/gut_user_preferences.gd' remapped 'res://addons/gut/gui/gut_user_preferences.gd' at thread -1&#xD;
.. Completed load for: 'res://addons/gut/gui/editor_globals.gd' remapped 'res://addons/gut/gui/editor_globals.gd' at thread -1&#xD;
.. Loading resource: res://addons/gut/gui/RunExternally.tscn remapped: res://addons/gut/gui/RunExternally.tscn&#xD;
.. Loading resource: res://addons/gut/gui/RunExternally.gd remapped: res://addons/gut/gui/RunExternally.gd&#xD;
.. Completed load for: 'res://addons/gut/gui/RunExternally.gd' remapped 'res://addons/gut/gui/RunExternally.gd' at thread -1&#xD;
.. Completed load for: 'res://addons/gut/gui/RunExternally.tscn' remapped 'res://addons/gut/gui/RunExternally.tscn' at thread -1&#xD;
.. Loading resource: res://addons/gut/gut_fonts.gd remapped: res://addons/gut/gut_fonts.gd&#xD;
.. Completed load for: 'res://addons/gut/gut_fonts.gd' remapped 'res://addons/gut/gut_fonts.gd' at thread -1&#xD;
.. Loading resource: res://addons/gut/dynamic_gdscript.gd remapped: res://addons/gut/dynamic_gdscript.gd&#xD;
.. Completed load for: 'res://addons/gut/dynamic_gdscript.gd' remapped 'res://addons/gut/dynamic_gdscript.gd' at thread -1&#xD;
.. Completed load for: 'res://addons/gut/gui/GutBottomPanel.gd' remapped 'res://addons/gut/gui/GutBottomPanel.gd' at thread -1&#xD;
.. Loading resource: res://addons/gut/gui/RunAtCursor.tscn remapped: res://addons/gut/gui/RunAtCursor.tscn&#xD;
.. Loading resource: res://addons/gut/gui/RunAtCursor.gd remapped: res://addons/gut/gui/RunAtCursor.gd&#xD;
.. Completed load for: 'res://addons/gut/gui/RunAtCursor.gd' remapped 'res://addons/gut/gui/RunAtCursor.gd' at thread -1&#xD;
.. Loading resource: res://addons/gut/gui/arrow.png remapped: res://addons/gut/gui/arrow.png&#xD;
.. Loading resource: res://.godot/imported/arrow.png-2b5b2d838b5b3467cf300ac2da1630d9.ctex remapped: res://.godot/imported/arrow.png-2b5b2d838b5b3467cf300ac2da1630d9.ctex&#xD;
.. Completed load for: 'res://addons/gut/gui/arrow.png' remapped 'res://addons/gut/gui/arrow.png' at thread -1&#xD;
.. Completed load for: 'res://addons/gut/gui/RunAtCursor.tscn' remapped 'res://addons/gut/gui/RunAtCursor.tscn' at thread -1&#xD;
.. Loading resource: res://addons/gut/gui/play.png remapped: res://addons/gut/gui/play.png&#xD;
.. Loading resource: res://.godot/imported/play.png-5c90e88e8136487a183a099d67a7de24.ctex remapped: res://.godot/imported/play.png-5c90e88e8136487a183a099d67a7de24.ctex&#xD;
.. Completed load for: 'res://addons/gut/gui/play.png' remapped 'res://addons/gut/gui/play.png' at thread -1&#xD;
.. Loading resource: res://addons/gut/icon.png remapped: res://addons/gut/icon.png&#xD;
.. Loading resource: res://.godot/imported/icon.png-91b084043b8aaf2f1c906e7b9fa92969.ctex remapped: res://.godot/imported/icon.png-91b084043b8aaf2f1c906e7b9fa92969.ctex&#xD;
.. Completed load for: 'res://addons/gut/icon.png' remapped 'res://addons/gut/icon.png' at thread -1&#xD;
.. Loading resource: res://addons/gut/gui/RunResults.tscn remapped: res://addons/gut/gui/RunResults.tscn&#xD;
.. Loading resource: res://addons/gut/gui/RunResults.gd remapped: res://addons/gut/gui/RunResults.gd&#xD;
.. Completed load for: 'res://addons/gut/gui/RunResults.gd' remapped 'res://addons/gut/gui/RunResults.gd' at thread -1&#xD;
.. Loading resource: res://addons/gut/gui/ResultsTree.tscn remapped: res://addons/gut/gui/ResultsTree.tscn&#xD;
.. Loading resource: res://addons/gut/gui/ResultsTree.gd remapped: res://addons/gut/gui/ResultsTree.gd&#xD;
.. Completed load for: 'res://addons/gut/gui/ResultsTree.gd' remapped 'res://addons/gut/gui/ResultsTree.gd' at thread -1&#xD;
.. Completed load for: 'res://addons/gut/gui/ResultsTree.tscn' remapped 'res://addons/gut/gui/ResultsTree.tscn' at thread -1&#xD;
.. Completed load for: 'res://addons/gut/gui/RunResults.tscn' remapped 'res://addons/gut/gui/RunResults.tscn' at thread -1&#xD;
.. Loading resource: res://addons/gut/images/HSplitContainer.svg remapped: res://addons/gut/images/HSplitContainer.svg&#xD;
.. Loading resource: res://.godot/imported/HSplitContainer.svg-81e594d94ee80e4176e099672ef6025b.editor.ctex remapped: res://.godot/imported/HSplitContainer.svg-81e594d94ee80e4176e099672ef6025b.editor.ctex&#xD;
.. Completed load for: 'res://addons/gut/images/HSplitContainer.svg' remapped 'res://addons/gut/images/HSplitContainer.svg' at thread -1&#xD;
.. Loading resource: res://addons/gut/gui/OutputText.tscn remapped: res://addons/gut/gui/OutputText.tscn&#xD;
.. Loading resource: res://addons/gut/gui/OutputText.gd remapped: res://addons/gut/gui/OutputText.gd&#xD;
.. Completed load for: 'res://addons/gut/gui/OutputText.gd' remapped 'res://addons/gut/gui/OutputText.gd' at thread -1&#xD;
.. Completed load for: 'res://addons/gut/gui/OutputText.tscn' remapped 'res://addons/gut/gui/OutputText.tscn' at thread -1&#xD;
.. Loading resource: res://addons/gut/images/VSplitContainer.svg remapped: res://addons/gut/images/VSplitContainer.svg&#xD;
.. Loading resource: res://.godot/imported/VSplitContainer.svg-6cec29fefa7e65d6ff7c2fdb9a1bb9ab.editor.ctex remapped: res://.godot/imported/VSplitContainer.svg-6cec29fefa7e65d6ff7c2fdb9a1bb9ab.editor.ctex&#xD;
.. Completed load for: 'res://addons/gut/images/VSplitContainer.svg' remapped 'res://addons/gut/images/VSplitContainer.svg' at thread -1&#xD;
.. Loading resource: res://addons/gut/gui/ShortcutDialog.tscn remapped: res://addons/gut/gui/ShortcutDialog.tscn&#xD;
.. Loading resource: res://addons/gut/gui/ShortcutDialog.gd remapped: res://addons/gut/gui/ShortcutDialog.gd&#xD;
.. Completed load for: 'res://addons/gut/gui/ShortcutDialog.gd' remapped 'res://addons/gut/gui/ShortcutDialog.gd' at thread -1&#xD;
.. Loading resource: res://addons/gut/gui/ShortcutButton.tscn remapped: res://addons/gut/gui/ShortcutButton.tscn&#xD;
.. Loading resource: res://addons/gut/gui/ShortcutButton.gd remapped: res://addons/gut/gui/ShortcutButton.gd&#xD;
.. Completed load for: 'res://addons/gut/gui/ShortcutButton.gd' remapped 'res://addons/gut/gui/ShortcutButton.gd' at thread -1&#xD;
.. Completed load for: 'res://addons/gut/gui/ShortcutButton.tscn' remapped 'res://addons/gut/gui/ShortcutButton.tscn' at thread -1&#xD;
.. Completed load for: 'res://addons/gut/gui/ShortcutDialog.tscn' remapped 'res://addons/gut/gui/ShortcutDialog.tscn' at thread -1&#xD;
.. Loading resource: res://addons/gut/gui/ShellOutOptions.tscn remapped: res://addons/gut/gui/ShellOutOptions.tscn&#xD;
.. Loading resource: res://addons/gut/gui/ShellOutOptions.gd remapped: res://addons/gut/gui/ShellOutOptions.gd&#xD;
.. Completed load for: 'res://addons/gut/gui/ShellOutOptions.gd' remapped 'res://addons/gut/gui/ShellOutOptions.gd' at thread -1&#xD;
.. Completed load for: 'res://addons/gut/gui/ShellOutOptions.tscn' remapped 'res://addons/gut/gui/ShellOutOptions.tscn' at thread -1&#xD;
.. Completed load for: 'res://addons/gut/gui/GutBottomPanel.tscn' remapped 'res://addons/gut/gui/GutBottomPanel.tscn' at thread -1&#xD;
.. Completed load for: 'res://addons/gut/gut_plugin.gd' remapped 'res://addons/gut/gut_plugin.gd' at thread -1&#xD;
.. Loading resource: res://addons/gut/version_conversion.gd remapped: res://addons/gut/version_conversion.gd&#xD;
.. Completed load for: 'res://addons/gut/version_conversion.gd' remapped 'res://addons/gut/version_conversion.gd' at thread -1&#xD;
.. Loading resource: res://addons/gut/gut_menu.gd remapped: res://addons/gut/gut_menu.gd&#xD;
.. Completed load for: 'res://addons/gut/gut_menu.gd' remapped 'res://addons/gut/gut_menu.gd' at thread -1&#xD;
.. Loading resource: res://addons/gut/gui/gut_dock.gd remapped: res://addons/gut/gui/gut_dock.gd&#xD;
.. Completed load for: 'res://addons/gut/gui/gut_dock.gd' remapped 'res://addons/gut/gui/gut_dock.gd' at thread -1&#xD;
.. Loading resource: res://addons/gut/gui/gut_config_gui.gd remapped: res://addons/gut/gui/gut_config_gui.gd&#xD;
.. Completed load for: 'res://addons/gut/gui/gut_config_gui.gd' remapped 'res://addons/gut/gui/gut_config_gui.gd' at thread -1&#xD;
.. Loading resource: res://addons/gut/gui/about.tscn remapped: res://addons/gut/gui/about.tscn&#xD;
.. Loading resource: res://addons/gut/gui/about.gd remapped: res://addons/gut/gui/about.gd&#xD;
.. Completed load for: 'res://addons/gut/gui/about.gd' remapped 'res://addons/gut/gui/about.gd' at thread -1&#xD;
.. Loading resource: res://addons/gut/gui/GutLogo.tscn remapped: res://addons/gut/gui/GutLogo.tscn&#xD;
.. Loading resource: res://addons/gut/gui/gut_logo.gd remapped: res://addons/gut/gui/gut_logo.gd&#xD;
.. Completed load for: 'res://addons/gut/gui/gut_logo.gd' remapped 'res://addons/gut/gui/gut_logo.gd' at thread -1&#xD;
.. Loading resource: res://addons/gut/images/GutIconV2_base.png remapped: res://addons/gut/images/GutIconV2_base.png&#xD;
.. Loading resource: res://.godot/imported/GutIconV2_base.png-7038b445a6dfa6ba4cec1a42fa81abae.ctex remapped: res://.godot/imported/GutIconV2_base.png-7038b445a6dfa6ba4cec1a42fa81abae.ctex&#xD;
.. Completed load for: 'res://addons/gut/images/GutIconV2_base.png' remapped 'res://addons/gut/images/GutIconV2_base.png' at thread -1&#xD;
.. Loading resource: res://addons/gut/images/eyey.png remapped: res://addons/gut/images/eyey.png&#xD;
.. Loading resource: res://.godot/imported/eyey.png-e0a721ab6b749f5d493d61e9f27f0654.ctex remapped: res://.godot/imported/eyey.png-e0a721ab6b749f5d493d61e9f27f0654.ctex&#xD;
.. Completed load for: 'res://addons/gut/images/eyey.png' remapped 'res://addons/gut/images/eyey.png' at thread -1&#xD;
.. Completed load for: 'res://addons/gut/gui/GutLogo.tscn' remapped 'res://addons/gut/gui/GutLogo.tscn' at thread -1&#xD;
.. Completed load for: 'res://addons/gut/gui/about.tscn' remapped 'res://addons/gut/gui/about.tscn' at thread -1&#xD;
.. Loading resource: res://addons/gut/gut_config.gd remapped: res://addons/gut/gut_config.gd&#xD;
.. Completed load for: 'res://addons/gut/gut_config.gd' remapped 'res://addons/gut/gut_config.gd' at thread -1&#xD;
.. Loading resource: res://addons/gut/logger.gd remapped: res://addons/gut/logger.gd&#xD;
.. Completed load for: 'res://addons/gut/logger.gd' remapped 'res://addons/gut/logger.gd' at thread -1&#xD;
.. Loading resource: res://addons/gut/printers.gd remapped: res://addons/gut/printers.gd&#xD;
.. Completed load for: 'res://addons/gut/printers.gd' remapped 'res://addons/gut/printers.gd' at thread -1&#xD;
.. Loading resource: res://addons/gut/editor_caret_context_notifier.gd remapped: res://addons/gut/editor_caret_context_notifier.gd&#xD;
.. Completed load for: 'res://addons/gut/editor_caret_context_notifier.gd' remapped 'res://addons/gut/editor_caret_context_notifier.gd' at thread -1&#xD;
.. Loading resource: res://addons/gut/images/red.png remapped: res://addons/gut/images/red.png&#xD;
.. Loading resource: res://.godot/imported/red.png-47a557c3922e800f76686bc1a4ad0c3c.ctex remapped: res://.godot/imported/red.png-47a557c3922e800f76686bc1a4ad0c3c.ctex&#xD;
.. Completed load for: 'res://addons/gut/images/red.png' remapped 'res://addons/gut/images/red.png' at thread -1&#xD;
.. Loading resource: res://addons/gut/images/green.png remapped: res://addons/gut/images/green.png&#xD;
.. Loading resource: res://.godot/imported/green.png-e3a17091688e10a7013279b38edc7f8a.ctex remapped: res://.godot/imported/green.png-e3a17091688e10a7013279b38edc7f8a.ctex&#xD;
.. Completed load for: 'res://addons/gut/images/green.png' remapped 'res://addons/gut/images/green.png' at thread -1&#xD;
.. Loading resource: res://addons/gut/images/yellow.png remapped: res://addons/gut/images/yellow.png&#xD;
.. Loading resource: res://.godot/imported/yellow.png-b3cf3d463958a169d909273d3d742052.ctex remapped: res://.godot/imported/yellow.png-b3cf3d463958a169d909273d3d742052.ctex&#xD;
.. Completed load for: 'res://addons/gut/images/yellow.png' remapped 'res://addons/gut/images/yellow.png' at thread -1&#xD;
.. Loading resource: res://addons/gut/gui/panel_controls.gd remapped: res://addons/gut/gui/panel_controls.gd&#xD;
.. Completed load for: 'res://addons/gut/gui/panel_controls.gd' remapped 'res://addons/gut/gui/panel_controls.gd' at thread -1&#xD;
.. Loading resource: res://addons/gut/get_editor_interface.gd remapped: res://addons/gut/get_editor_interface.gd&#xD;
.. Completed load for: 'res://addons/gut/get_editor_interface.gd' remapped 'res://addons/gut/get_editor_interface.gd' at thread -1&#xD;
.. Loading resource: res://addons/gut/gui/EditorRadioButton.tres remapped: res://addons/gut/gui/EditorRadioButton.tres&#xD;
.. Completed load for: 'res://addons/gut/gui/EditorRadioButton.tres' remapped 'res://addons/gut/gui/EditorRadioButton.tres' at thread -1&#xD;
.. Loading resource: res://addons/gut/gui/option_maker.gd remapped: res://addons/gut/gui/option_maker.gd&#xD;
.. Completed load for: 'res://addons/gut/gui/option_maker.gd' remapped 'res://addons/gut/gui/option_maker.gd' at thread -1&#xD;
.. [  83% ] \u001b[90m\u001b[1mfirst_scan_filesystem\u001b[22m | Starting file scan...\u001b[39m\u001b[0m&#xD;
.. \u001b[92m[ DONE ]\u001b[39m \u001b[1mfirst_scan_filesystem\u001b[22m&#xD;
.. \u001b[0m&#xD;
.. [   0% ] \u001b[90m\u001b[1mloading_editor_layout\u001b[22m | Started Loading editor (5 steps)\u001b[39m\u001b[0m&#xD;
.. [   0% ] \u001b[90m\u001b[1mloading_editor_layout\u001b[22m | Loading editor layout...\u001b[39m\u001b[0m&#xD;
.. [  16% ] \u001b[90m\u001b[1mloading_editor_layout\u001b[22m | Loading docks...\u001b[39m\u001b[0m&#xD;
.. [  33% ] \u001b[90m\u001b[1mloading_editor_layout\u001b[22m | Reopening scenes...\u001b[39m\u001b[0m&#xD;
.. Loading resource: res://scenes/level.tscn remapped: res://scenes/level.tscn&#xD;
.. Loading resource: res://scripts/Level.cs remapped: res://scripts/Level.cs&#xD;
.. Completed load for: 'res://scripts/Level.cs' remapped 'res://scripts/Level.cs' at thread -1&#xD;
.. Loading resource: res://scripts/WorldPanel.cs remapped: res://scripts/WorldPanel.cs&#xD;
.. Completed load for: 'res://scripts/WorldPanel.cs' remapped 'res://scripts/WorldPanel.cs' at thread -1&#xD;
.. Loading resource: res://scripts/Cam.cs remapped: res://scripts/Cam.cs&#xD;
.. Completed load for: 'res://scripts/Cam.cs' remapped 'res://scripts/Cam.cs' at thread -1&#xD;
.. Completed load for: 'res://scenes/level.tscn' remapped 'res://scenes/level.tscn' at thread -1&#xD;
.. Loading resource: res://scenes/main_menu.tscn remapped: res://scenes/main_menu.tscn&#xD;
.. Loading resource: res://scripts/MainMenu.cs remapped: res://scripts/MainMenu.cs&#xD;
.. Completed load for: 'res://scripts/MainMenu.cs' remapped 'res://scripts/MainMenu.cs' at thread -1&#xD;
.. Completed load for: 'res://scenes/main_menu.tscn' remapped 'res://scenes/main_menu.tscn' at thread -1&#xD;
.. Loading resource: res://scenes/item.tscn remapped: res://scenes/item.tscn&#xD;
.. Loading resource: res://scripts/Item.cs remapped: res://scripts/Item.cs&#xD;
.. Completed load for: 'res://scripts/Item.cs' remapped 'res://scripts/Item.cs' at thread -1&#xD;
.. Loading resource: res://resources/item.png remapped: res://resources/item.png&#xD;
.. Loading resource: res://.godot/imported/item.png-b8b7ad6d3718912f59de195620273b17.ctex remapped: res://.godot/imported/item.png-b8b7ad6d3718912f59de195620273b17.ctex&#xD;
.. Completed load for: 'res://resources/item.png' remapped 'res://resources/item.png' at thread -1&#xD;
.. Completed load for: 'res://scenes/item.tscn' remapped 'res://scenes/item.tscn' at thread -1&#xD;
.. Loading resource: res://scenes/un_updater.tscn remapped: res://scenes/un_updater.tscn&#xD;
.. Loading resource: res://scenes/UnUpdater.cs remapped: res://scenes/UnUpdater.cs&#xD;
.. Loading resource: res://scripts/classes/Unit.cs remapped: res://scripts/classes/Unit.cs&#xD;
.. Completed load for: 'res://scripts/classes/Unit.cs' remapped 'res://scripts/classes/Unit.cs' at thread -1&#xD;
.. Completed load for: 'res://scenes/UnUpdater.cs' remapped 'res://scenes/UnUpdater.cs' at thread -1&#xD;
.. Completed load for: 'res://scenes/un_updater.tscn' remapped 'res://scenes/un_updater.tscn' at thread -1&#xD;
.. [  50% ] \u001b[90m\u001b[1mloading_editor_layout\u001b[22m | Loading central editor layout...\u001b[39m\u001b[0m&#xD;
.. [  66% ] \u001b[90m\u001b[1mloading_editor_layout\u001b[22m | Loading plugin window layout...\u001b[39m\u001b[0m&#xD;
.. [  83% ] \u001b[90m\u001b[1mloading_editor_layout\u001b[22m | Editor layout ready.\u001b[39m\u001b[0m&#xD;
.. \u001b[92m[ DONE ]\u001b[39m \u001b[1mloading_editor_layout\u001b[22m&#xD;
.. \u001b[0m&#xD;
.. Failed to bind socket. Error: 3.&#xD;
.. Unloading addon: res://addons/gut/plugin.cfg&#xD;
.. Script docs haven't been properly loaded or regenerated, so don't save them to disk.&#xD;
.. EditorSettings: Save OK!&#xD;
.. Unloading: Disposing tracked instances...&#xD;
.. Unloading: Finished disposing tracked instances.&#xD;
.. XR: Clearing primary interface&#xD;
.. XR: Removed interface "Native mobile"&#xD;
.. XR: Removed interface "OpenXR"&#xD;
.. Orphan StringName: Node (static: 8, total: 9)&#xD;
.. StringName: 1 unclaimed string names at exit.&#xD;
Rebuild Godot Project ends with exit code: 0
&#xD;
======== Running GdUnit4 Godot Runtime Test Runner ========&#xD;
:: ERROR: Unrecognized UID: "uid://bb6qht3iamcci".&#xD;
:: at: get_id_path (core/io/resource_uid.cpp:214)&#xD;
:: ERROR: Resource file not found: res:// (expected type: unknown)&#xD;
:: at: _load (core/io/resource_loader.cpp:325)&#xD;
:: ERROR: Failed to instantiate an autoload, can't load from path: .&#xD;
:: at: start (main/main.cpp:4533)&#xD;
:: WARNING: Image format RGB8 not supported by hardware, converting to RGBA8.&#xD;
:: at: _validate_texture_format (servers/rendering/renderer_rd/storage_rd/texture_storage.cpp:2855)&#xD;
:: C# backtrace (most recent call first):&#xD;
:: [0] Godot.GodotObject Godot.NativeCalls.godot_icall_3_1268(nint, nint, string, string, int) (/root/godot/modules/mono/glue/GodotSharp/GodotSharp/Generated/NativeCalls.cs:11611)&#xD;
:: [1] Godot.Resource Godot.ResourceLoader.Load(string, string, Godot.ResourceLoader+CacheMode) (/root/godot/modules/mono/glue/GodotSharp/GodotSharp/Generated/GodotObjects/ResourceLoader.cs:120)&#xD;
:: [2] T Godot.ResourceLoader.Load&lt;T&gt;(string, string, Godot.ResourceLoader+CacheMode) (/root/godot/modules/mono/glue/GodotSharp/GodotSharp/Core/Extensions/ResourceLoaderExtensions.cs:27)&#xD;
:: [3] T Godot.GD.Load&lt;T&gt;(string) (/root/godot/modules/mono/glue/GodotSharp/GodotSharp/Core/GD.cs:129)&#xD;
:: [4] ArFactory.WorldPanel..cctor() (E:\c++ related\godot\projects\ar-factory-(c#)\scripts\WorldPanel.cs:10)&#xD;
:: [5] void System.Runtime.CompilerServices.InitHelpers.InitClassSlow(System.Runtime.CompilerServices.MethodTable*)&#xD;
:: [6] System.Byte&amp; System.Runtime.CompilerServices.StaticsHelpers.GetGCStaticBaseSlow(System.Runtime.CompilerServices.MethodTable*)&#xD;
:: [7] void ArFactory.WorldPanel.PlaceSupplier(Godot.Vector2I, ArFactory.Direction, int, System.Collections.Generic.IEnumerable`1[System.Int32]) (E:\c++ related\godot\projects\ar-factory-(c#)\scripts\WorldPanel.cs:371)&#xD;
:: [8] void ArFactory.WorldPanel.PlaceSomeUnits() (E:\c++ related\godot\projects\ar-factory-(c#)\scripts\WorldPanel.cs:355)&#xD;
:: [9] void ArFactory.WorldPanel._Ready() (E:\c++ related\godot\projects\ar-factory-(c#)\scripts\WorldPanel.cs:322)&#xD;
:: [10] bool Godot.Node.InvokeGodotClassMethod(Godot.NativeInterop.godot_string_name&amp;, Godot.NativeInterop.NativeVariantPtrArgs, Godot.NativeInterop.godot_variant&amp;) (/root/godot/modules/mono/glue/GodotSharp/GodotSharp/Generated/GodotObjects/Node.cs:2660)&#xD;
:: [11] bool Godot.CanvasItem.InvokeGodotClassMethod(Godot.NativeInterop.godot_string_name&amp;, Godot.NativeInterop.NativeVariantPtrArgs, Godot.NativeInterop.godot_variant&amp;) (/root/godot/modules/mono/glue/GodotSharp/GodotSharp/Generated/GodotObjects/CanvasItem.cs:1845)&#xD;
:: [12] bool Godot.Control.InvokeGodotClassMethod(Godot.NativeInterop.godot_string_name&amp;, Godot.NativeInterop.NativeVariantPtrArgs, Godot.NativeInterop.godot_variant&amp;) (/root/godot/modules/mono/glue/GodotSharp/GodotSharp/Generated/GodotObjects/Control.cs:4029)&#xD;
:: [13] bool Godot.Panel.InvokeGodotClassMethod(Godot.NativeInterop.godot_string_name&amp;, Godot.NativeInterop.NativeVariantPtrArgs, Godot.NativeInterop.godot_variant&amp;) (/root/godot/modules/mono/glue/GodotSharp/GodotSharp/Generated/GodotObjects/Panel.cs:51)&#xD;
:: [14] bool ArFactory.WorldPanel.InvokeGodotClassMethod(Godot.NativeInterop.godot_string_name&amp;, Godot.NativeInterop.NativeVariantPtrArgs, Godot.NativeInterop.godot_variant&amp;) (E:\c++ related\godot\projects\ar-factory-(c#)\.godot\mono\temp\obj\Debug\Godot.SourceGenerators\Godot.SourceGenerators.ScriptMethodsGenerator\ArFactory.WorldPanel_ScriptMethods.generated.cs:320)&#xD;
:: [15] Godot.NativeInterop.godot_bool Godot.Bridge.CSharpInstanceBridge.Call(nint, Godot.NativeInterop.godot_string_name*, Godot.NativeInterop.godot_variant**, int, Godot.NativeInterop.godot_variant_call_error*, Godot.NativeInterop.godot_variant*) (/root/godot/modules/mono/glue/GodotSharp/GodotSharp/Core/Bridge/CSharpInstanceBridge.cs:24)&#xD;
:: [16] void Godot.NativeInterop.NativeFuncs.godotsharp_method_bind_ptrcall(nint, nint, System.Void**, System.Void*) (/root/godot/modules/mono/glue/GodotSharp/GodotSharp/Godot.SourceGenerators.Internal/Godot.SourceGenerators.Internal.UnmanagedCallbacksGenerator/Godot.NativeInterop.NativeFuncs.generated.cs:380)&#xD;
:: [17] void Godot.NativeCalls.godot_icall_3_912(nint, nint, nint, Godot.NativeInterop.godot_bool, int) (/root/godot/modules/mono/glue/GodotSharp/GodotSharp/Generated/NativeCalls.cs:8061)&#xD;
:: [18] void Godot.Node.AddChild(Godot.Node, bool, Godot.Node+InternalMode) (/root/godot/modules/mono/glue/GodotSharp/GodotSharp/Generated/GodotObjects/Node.cs:848)&#xD;
:: [19] TNode GdUnit4.Assertions.AddNode&lt;TNode&gt;(TNode, bool)&#xD;
:: [20] void ArFactory.TestUnit.TestGodotStuff() (E:\c++ related\godot\projects\ar-factory-(c#)\test\TestUnit.cs:26)&#xD;
:: [21] object System.Reflection.MethodBaseInvoker.InterpretedInvoke_Method(object, System.IntPtr*)&#xD;
:: [22] object System.Reflection.MethodBaseInvoker.InvokeWithNoArgs(object, System.Reflection.BindingFlags)&#xD;
:: [23] object System.Reflection.RuntimeMethodInfo.Invoke(object, System.Reflection.BindingFlags, System.Reflection.Binder, System.Object[], System.Globalization.CultureInfo)&#xD;
:: [24] object System.Reflection.MethodBase.Invoke(object, System.Object[])&#xD;
:: [25] void GdUnit4.Core.Execution.ExecutionStage`1+&lt;ExecuteStage&gt;d__37.MoveNext()&#xD;
:: [26] void System.Runtime.CompilerServices.AsyncMethodBuilderCore.Start&lt;TStateMachine&gt;(TStateMachine&amp;)&#xD;
:: [27] System.Threading.Tasks.Task GdUnit4.Core.Execution.ExecutionStage`1.ExecuteStage(GdUnit4.Core.Execution.ExecutionContext)&#xD;
:: [28] void GdUnit4.Core.Execution.ExecutionStage`1+&lt;Execute&gt;d__30.MoveNext()&#xD;
:: [29] void System.Runtime.CompilerServices.AsyncMethodBuilderCore.Start&lt;TStateMachine&gt;(TStateMachine&amp;)&#xD;
:: [30] System.Threading.Tasks.Task GdUnit4.Core.Execution.ExecutionStage`1.Execute(GdUnit4.Core.Execution.ExecutionContext)&#xD;
:: [31] System.Threading.Tasks.Task GdUnit4.Core.Execution.TestCaseExecutionStage.&lt;&gt;n__0(GdUnit4.Core.Execution.ExecutionContext)&#xD;
:: [32] void GdUnit4.Core.Execution.TestCaseExecutionStage+&lt;Execute&gt;d__1.MoveNext()&#xD;
:: [33] void System.Runtime.CompilerServices.AsyncMethodBuilderCore.Start&lt;TStateMachine&gt;(TStateMachine&amp;)&#xD;
:: [34] System.Threading.Tasks.Task GdUnit4.Core.Execution.TestCaseExecutionStage.Execute(GdUnit4.Core.Execution.ExecutionContext)&#xD;
:: [35] void GdUnit4.Core.Execution.TestSuiteExecutionStage+&lt;RunTestCase&gt;d__15.MoveNext()&#xD;
:: [36] void System.Threading.ExecutionContext.RunInternal(System.Threading.ExecutionContext, System.Threading.ContextCallback, object)&#xD;
:: [37] void System.Runtime.CompilerServices.AsyncTaskMethodBuilder`1+AsyncStateMachineBox`1.MoveNext(System.Threading.Thread)&#xD;
:: [38] void System.Threading.Tasks.AwaitTaskContinuation.RunCallback(System.Threading.ContextCallback, object, System.Threading.Tasks.Task&amp;)&#xD;
:: [39] void System.Threading.Tasks.Task.RunContinuations(object)&#xD;
:: [40] bool System.Threading.Tasks.Task`1.TrySetResult(TResult)&#xD;
:: [41] void System.Runtime.CompilerServices.AsyncTaskMethodBuilder`1.SetExistingTaskResult(System.Threading.Tasks.Task`1[TResult], TResult)&#xD;
:: [42] void GdUnit4.Core.Execution.BeforeTestExecutionStage+&lt;Execute&gt;d__1.MoveNext()&#xD;
:: [43] void System.Threading.ExecutionContext.RunInternal(System.Threading.ExecutionContext, System.Threading.ContextCallback, object)&#xD;
:: [44] void System.Runtime.CompilerServices.AsyncTaskMethodBuilder`1+AsyncStateMachineBox`1.MoveNext(System.Threading.Thread)&#xD;
:: [45] void System.Threading.Tasks.AwaitTaskContinuation.RunCallback(System.Threading.ContextCallback, object, System.Threading.Tasks.Task&amp;)&#xD;
:: [46] void System.Threading.Tasks.Task.RunContinuations(object)&#xD;
:: [47] bool System.Threading.Tasks.Task`1.TrySetResult(TResult)&#xD;
:: [48] void System.Runtime.CompilerServices.AsyncTaskMethodBuilder`1.SetExistingTaskResult(System.Threading.Tasks.Task`1[TResult], TResult)&#xD;
:: [49] void GdUnit4.Core.Execution.ExecutionStage`1+&lt;Execute&gt;d__30.MoveNext()&#xD;
:: [50] void System.Threading.ExecutionContext.RunInternal(System.Threading.ExecutionContext, System.Threading.ContextCallback, object)&#xD;
:: [51] void System.Runtime.CompilerServices.AsyncTaskMethodBuilder`1+AsyncStateMachineBox`1.MoveNext(System.Threading.Thread)&#xD;
:: [52] void Godot.GodotSynchronizationContext.ExecutePendingContinuations() (/root/godot/modules/mono/glue/GodotSharp/GodotSharp/Core/GodotSynchronizationContext.cs:51)&#xD;
:: [53] void Godot.GodotTaskScheduler.Activate() (/root/godot/modules/mono/glue/GodotSharp/GodotSharp/Core/GodotTaskScheduler.cs:76)&#xD;
:: [54] void Godot.Bridge.ScriptManagerBridge.FrameCallback() (/root/godot/modules/mono/glue/GodotSharp/GodotSharp/Core/Bridge/ScriptManagerBridge.cs:84)&#xD;
:: Assertion Failed!&#xD;
:: Stack:&#xD;
:: [1] (Unit) Void BaseInit(ArFactory.WorldPanel, TickType, Int32, Godot.Vector2I, Godot.Vector2I, ArFactory.Direction) (E:\c++ related\godot\projects\ar-factory-(c#)\scripts\classes\Unit.cs:73:3)&#xD;
:: [2] (UnSupplier) Void Setup(ArFactory.WorldPanel, Godot.Vector2I, Int32, ArFactory.Direction, System.Collections.Generic.IEnumerable`1[System.Int32]) (E:\c++ related\godot\projects\ar-factory-(c#)\scripts\UnSupplier.cs:16:3)&#xD;
:: [3] (WorldPanel) Void PlaceSupplier(Godot.Vector2I, ArFactory.Direction, Int32, System.Collections.Generic.IEnumerable`1[System.Int32]) (E:\c++ related\godot\projects\ar-factory-(c#)\scripts\WorldPanel.cs:373:3)&#xD;
:: [4] (TestUnit) Void TestGodotStuff() (E:\c++ related\godot\projects\ar-factory-(c#)\test\TestUnit.cs:27:3)&#xD;
    Loading resource: res://scenes/item.tscn remapped: res://scenes/item.tscn&#xD;
    Loading resource: res://scripts/Item.cs remapped: res://scripts/Item.cs&#xD;
    Completed load for: &amp;#x27;res://scripts/Item.cs&amp;#x27; remapped &amp;#x27;res://scripts/Item.cs&amp;#x27; at thread -1&#xD;
    Loading resource: res://resources/item.png remapped: res://resources/item.png&#xD;
    Loading resource: res://.godot/imported/item.png-b8b7ad6d3718912f59de195620273b17.ctex remapped: res://.godot/imported/item.png-b8b7ad6d3718912f59de195620273b17.ctex&#xD;
    Completed load for: &amp;#x27;res://resources/item.png&amp;#x27; remapped &amp;#x27;res://resources/item.png&amp;#x27; at thread -1&#xD;
    Completed load for: &amp;#x27;res://scenes/item.tscn&amp;#x27; remapped &amp;#x27;res://scenes/item.tscn&amp;#x27; at thread -1&#xD;
    Loading resource: res://scenes/un_slider.tscn remapped: res://scenes/un_slider.tscn&#xD;
    Loading resource: res://scripts/UnSlider.cs remapped: res://scripts/UnSlider.cs&#xD;
    Loading resource: res://scripts/classes/Unit.cs remapped: res://scripts/classes/Unit.cs&#xD;
    Completed load for: &amp;#x27;res://scripts/classes/Unit.cs&amp;#x27; remapped &amp;#x27;res://scripts/classes/Unit.cs&amp;#x27; at thread -1&#xD;
    Completed load for: &amp;#x27;res://scripts/UnSlider.cs&amp;#x27; remapped &amp;#x27;res://scripts/UnSlider.cs&amp;#x27; at thread -1&#xD;
    Loading resource: res://resources/belt.png remapped: res://resources/belt.png&#xD;
    Loading resource: res://.godot/imported/belt.png-01107113fe984ddc6e4ebc89a8edc5b9.ctex remapped: res://.godot/imported/belt.png-01107113fe984ddc6e4ebc89a8edc5b9.ctex&#xD;
    Completed load for: &amp;#x27;res://resources/belt.png&amp;#x27; remapped &amp;#x27;res://resources/belt.png&amp;#x27; at thread -1&#xD;
    Completed load for: &amp;#x27;res://scenes/un_slider.tscn&amp;#x27; remapped &amp;#x27;res://scenes/un_slider.tscn&amp;#x27; at thread -1&#xD;
    Loading resource: res://scenes/un_supplier.tscn remapped: res://scenes/un_supplier.tscn&#xD;
    Loading resource: res://scripts/UnSupplier.cs remapped: res://scripts/UnSupplier.cs&#xD;
    Completed load for: &amp;#x27;res://scripts/UnSupplier.cs&amp;#x27; remapped &amp;#x27;res://scripts/UnSupplier.cs&amp;#x27; at thread -1&#xD;
    Completed load for: &amp;#x27;res://scenes/un_supplier.tscn&amp;#x27; remapped &amp;#x27;res://scenes/un_supplier.tscn&amp;#x27; at thread -1&#xD;
    Loading resource: res://scenes/un_updater.tscn remapped: res://scenes/un_updater.tscn&#xD;
    Loading resource: res://scenes/UnUpdater.cs remapped: res://scenes/UnUpdater.cs&#xD;
    Completed load for: &amp;#x27;res://scenes/UnUpdater.cs&amp;#x27; remapped &amp;#x27;res://scenes/UnUpdater.cs&amp;#x27; at thread -1&#xD;
    Completed load for: &amp;#x27;res://scenes/un_updater.tscn&amp;#x27; remapped &amp;#x27;res://scenes/un_updater.tscn&amp;#x27; at thread -1&#xD;
    Loading resource: res://scenes/un_bin.tscn remapped: res://scenes/un_bin.tscn&#xD;
    Loading resource: res://resources/bin.png remapped: res://resources/bin.png&#xD;
    Loading resource: res://.godot/imported/bin.png-d9b7b657d8fa6e99b1957bb7992fcfad.ctex remapped: res://.godot/imported/bin.png-d9b7b657d8fa6e99b1957bb7992fcfad.ctex&#xD;
    Completed load for: &amp;#x27;res://resources/bin.png&amp;#x27; remapped &amp;#x27;res://resources/bin.png&amp;#x27; at thread -1&#xD;
    Completed load for: &amp;#x27;res://scenes/un_bin.tscn&amp;#x27; remapped &amp;#x27;res://scenes/un_bin.tscn&amp;#x27; at thread -1&#xD;
    Loading resource: res://scenes/un_demander.tscn remapped: res://scenes/un_demander.tscn&#xD;
    Completed load for: &amp;#x27;res://scenes/un_demander.tscn&amp;#x27; remapped &amp;#x27;res://scenes/un_demander.tscn&amp;#x27; at thread -1&#xD;
    Loading resource: res://scenes/un_combiner.tscn remapped: res://scenes/un_combiner.tscn&#xD;
    Completed load for: &amp;#x27;res://scenes/un_combiner.tscn&amp;#x27; remapped &amp;#x27;res://scenes/un_combiner.tscn&amp;#x27; at thread -1&#xD;
    Loading resource: res://scenes/un_cloner.tscn remapped: res://scenes/un_cloner.tscn&#xD;
    Completed load for: &amp;#x27;res://scenes/un_cloner.tscn&amp;#x27; remapped &amp;#x27;res://scenes/un_cloner.tscn&amp;#x27; at thread -1&#xD;
    Loading resource: res://scenes/un_branch.tscn remapped: res://scenes/un_branch.tscn&#xD;
    Completed load for: &amp;#x27;res://scenes/un_branch.tscn&amp;#x27; remapped &amp;#x27;res://scenes/un_branch.tscn&amp;#x27; at thread -1&#xD;
    Loading resource: res://resources/fonts/AnonymousPro-Regular.ttf remapped: res://resources/fonts/AnonymousPro-Regular.ttf&#xD;
    Loading resource: res://.godot/imported/AnonymousPro-Regular.ttf-04a885b87387792267387a8e12d43453.fontdata remapped: res://.godot/imported/AnonymousPro-Regular.ttf-04a885b87387792267387a8e12d43453.fontdata&#xD;
    Completed load for: &amp;#x27;res://resources/fonts/AnonymousPro-Regular.ttf&amp;#x27; remapped &amp;#x27;res://resources/fonts/AnonymousPro-Regular.ttf&amp;#x27; at thread -1&#xD;
    Loading resource: res://scripts/classes/TlSolid.cs remapped: res://scripts/classes/TlSolid.cs&#xD;
    Loading resource: res://scripts/classes/Tile.cs remapped: res://scripts/classes/Tile.cs&#xD;
    Completed load for: &amp;#x27;res://scripts/classes/Tile.cs&amp;#x27; remapped &amp;#x27;res://scripts/classes/Tile.cs&amp;#x27; at thread -1&#xD;
    Completed load for: &amp;#x27;res://scripts/classes/TlSolid.cs&amp;#x27; remapped &amp;#x27;res://scripts/classes/TlSolid.cs&amp;#x27; at thread -1&#xD;
    Loading resource: res://scripts/classes/TlOutput.cs remapped: res://scripts/classes/TlOutput.cs&#xD;
    Loading resource: res://scripts/classes/TlHolder.cs remapped: res://scripts/classes/TlHolder.cs&#xD;
    Completed load for: &amp;#x27;res://scripts/classes/TlHolder.cs&amp;#x27; remapped &amp;#x27;res://scripts/classes/TlHolder.cs&amp;#x27; at thread -1&#xD;
    Completed load for: &amp;#x27;res://scripts/classes/TlOutput.cs&amp;#x27; remapped &amp;#x27;res://scripts/classes/TlOutput.cs&amp;#x27; at thread -1&#xD;
    Loading resource: res://scripts/classes/TlSlider.cs remapped: res://scripts/classes/TlSlider.cs&#xD;
    Completed load for: &amp;#x27;res://scripts/classes/TlSlider.cs&amp;#x27; remapped &amp;#x27;res://scripts/classes/TlSlider.cs&amp;#x27; at thread -1&#xD;
    Loading resource: res://scripts/classes/TlIO.cs remapped: res://scripts/classes/TlIO.cs&#xD;
    Completed load for: &amp;#x27;res://scripts/classes/TlIO.cs&amp;#x27; remapped &amp;#x27;res://scripts/classes/TlIO.cs&amp;#x27; at thread -1&#xD;
GdUnit4 Godot Runtime Test Runner ends with exit code: 0
&#xD;
======== Running GdUnit4 Default Test Runner ========&#xD;
Fatal error. 0xC0000005&#xD;
   at Godot.NativeInterop.NativeFuncs.godotsharp_string_new_with_utf16_chars(Godot.NativeInterop.godot_string ByRef, Char*)&#xD;
   at Godot.NativeInterop.Marshaling.ConvertStringToNative(System.String)&#xD;
   at Godot.NativeInterop.NativeFuncs.godotsharp_string_name_new_from_string(System.String)&#xD;
   at Godot.StringName..ctor(System.String)&#xD;
   at Godot.StringName.op_Implicit(System.String)&#xD;
   at Godot.ResourceLoader..cctor()&#xD;
   at Godot.ResourceLoader.Load(System.String, System.String, CacheMode)&#xD;
   at Godot.ResourceLoader.Load[[System.__Canon, System.Private.CoreLib, Version=9.0.0.0, Culture=neutral, PublicKeyToken=7cec85d7bea7798e]](System.String, System.String, CacheMode)&#xD;
   at Godot.GD.Load[[System.__Canon, System.Private.CoreLib, Version=9.0.0.0, Culture=neutral, PublicKeyToken=7cec85d7bea7798e]](System.String)&#xD;
   at ArFactory.TestUnit..cctor()&#xD;
   at ArFactory.TestUnit..ctor()&#xD;
   at System.RuntimeType.CreateInstanceDefaultCtor(Boolean, Boolean)&#xD;
   at GdUnit4.Core.Execution.TestSuite..ctor(System.Type, System.Collections.Generic.List`1&lt;GdUnit4.Api.TestCaseNode&gt;, System.String)&#xD;
   at GdUnit4.Core.Execution.TestSuite..ctor(GdUnit4.Api.TestSuiteNode)&#xD;
   at GdUnit4.Core.Commands.ExecuteTestSuiteCommand+&lt;Execute&gt;d__18.MoveNext()&#xD;
   at System.Runtime.CompilerServices.AsyncMethodBuilderCore.Start[[System.__Canon, System.Private.CoreLib, Version=9.0.0.0, Culture=neutral, PublicKeyToken=7cec85d7bea7798e]](System.__Canon ByRef)&#xD;
   at GdUnit4.Core.Commands.ExecuteTestSuiteCommand.Execute(GdUnit4.Api.ITestEventListener)&#xD;
   at GdUnit4.Core.Execution.DirectCommandExecutor+&lt;ExecuteCommand&gt;d__3`1[[System.__Canon, System.Private.CoreLib, Version=9.0.0.0, Culture=neutral, PublicKeyToken=7cec85d7bea7798e]].MoveNext()&#xD;
   at System.Runtime.CompilerServices.AsyncMethodBuilderCore.Start[[System.__Canon, System.Private.CoreLib, Version=9.0.0.0, Culture=neutral, PublicKeyToken=7cec85d7bea7798e]](System.__Canon ByRef)&#xD;
   at GdUnit4.Core.Execution.DirectCommandExecutor.ExecuteCommand[[System.__Canon, System.Private.CoreLib, Version=9.0.0.0, Culture=neutral, PublicKeyToken=7cec85d7bea7798e]](System.__Canon, GdUnit4.Api.ITestEventListener, System.Threading.CancellationToken)&#xD;
   at GdUnit4.Core.Runners.BaseTestRunner+&lt;&gt;c__DisplayClass19_0+&lt;&lt;RunAndWait&gt;b__0&gt;d.MoveNext()&#xD;
   at System.Runtime.CompilerServices.AsyncMethodBuilderCore.Start[[System.__Canon, System.Private.CoreLib, Version=9.0.0.0, Culture=neutral, PublicKeyToken=7cec85d7bea7798e]](System.__Canon ByRef)&#xD;
   at GdUnit4.Core.Runners.BaseTestRunner+&lt;&gt;c__DisplayClass19_0.&lt;RunAndWait&gt;b__0()&#xD;
   at System.Threading.Tasks.Task`1[[System.__Canon, System.Private.CoreLib, Version=9.0.0.0, Culture=neutral, PublicKeyToken=7cec85d7bea7798e]].InnerInvoke()&#xD;
   at System.Threading.ExecutionContext.RunFromThreadPoolDispatchLoop(System.Threading.Thread, System.Threading.ExecutionContext, System.Threading.ContextCallback, System.Object)&#xD;
   at System.Threading.Tasks.Task.ExecuteWithThreadLocal(System.Threading.Tasks.Task ByRef, System.Threading.Thread)&#xD;
   at System.Threading.ThreadPoolWorkQueue.Dispatch()&#xD;
   at System.Threading.PortableThreadPool+WorkerThread.WorkerThreadStart()&#xD;
</StdOut>
    </Output>
    <RunInfos>
      <RunInfo computerName="DESKTOP-TEL8QA0" outcome="Error" timestamp="2026-09-14T10:34:30.3651301+02:00">
        <Text>Object reference not set to an instance of an object.</Text>
      </RunInfo>
      <RunInfo computerName="DESKTOP-TEL8QA0" outcome="Error" timestamp="2026-09-14T10:34:30.6535828+02:00">
        <Text>活动的测试运行已中止。原因: 测试主机进程崩溃 : Fatal error. 0xC0000005&#xD;
   at Godot.NativeInterop.NativeFuncs.godotsharp_string_new_with_utf16_chars(Godot.NativeInterop.godot_string ByRef, Char*)&#xD;
   at Godot.NativeInterop.Marshaling.ConvertStringToNative(System.String)&#xD;
   at Godot.NativeInterop.NativeFuncs.godotsharp_string_name_new_from_string(System.String)&#xD;
   at Godot.StringName..ctor(System.String)&#xD;
   at Godot.StringName.op_Implicit(System.String)&#xD;
   at Godot.ResourceLoader..cctor()&#xD;
   at Godot.ResourceLoader.Load(System.String, System.String, CacheMode)&#xD;
   at Godot.ResourceLoader.Load[[System.__Canon, System.Private.CoreLib, Version=9.0.0.0, Culture=neutral, PublicKeyToken=7cec85d7bea7798e]](System.String, System.String, CacheMode)&#xD;
   at Godot.GD.Load[[System.__Canon, System.Private.CoreLib, Version=9.0.0.0, Culture=neutral, PublicKeyToken=7cec85d7bea7798e]](System.String)&#xD;
   at ArFactory.TestUnit..cctor()&#xD;
   at ArFactory.TestUnit..ctor()&#xD;
   at System.RuntimeType.CreateInstanceDefaultCtor(Boolean, Boolean)&#xD;
   at GdUnit4.Core.Execution.TestSuite..ctor(System.Type, System.Collections.Generic.List`1&lt;GdUnit4.Api.TestCaseNode&gt;, System.String)&#xD;
   at GdUnit4.Core.Execution.TestSuite..ctor(GdUnit4.Api.TestSuiteNode)&#xD;
   at GdUnit4.Core.Commands.ExecuteTestSuiteCommand+&lt;Execute&gt;d__18.MoveNext()&#xD;
   at System.Runtime.CompilerServices.AsyncMethodBuilderCore.Start[[System.__Canon, System.Private.CoreLib, Version=9.0.0.0, Culture=neutral, PublicKeyToken=7cec85d7bea7798e]](System.__Canon ByRef)&#xD;
   at GdUnit4.Core.Commands.ExecuteTestSuiteCommand.Execute(GdUnit4.Api.ITestEventListener)&#xD;
   at GdUnit4.Core.Execution.DirectCommandExecutor+&lt;ExecuteCommand&gt;d__3`1[[System.__Canon, System.Private.CoreLib, Version=9.0.0.0, Culture=neutral, PublicKeyToken=7cec85d7bea7798e]].MoveNext()&#xD;
   at System.Runtime.CompilerServices.AsyncMethodBuilderCore.Start[[System.__Canon, System.Private.CoreLib, Version=9.0.0.0, Culture=neutral, PublicKeyToken=7cec85d7bea7798e]](System.__Canon ByRef)&#xD;
   at GdUnit4.Core.Execution.DirectCommandExecutor.ExecuteCommand[[System.__Canon, System.Private.CoreLib, Version=9.0.0.0, Culture=neutral, PublicKeyToken=7cec85d7bea7798e]](System.__Canon, GdUnit4.Api.ITestEventListener, System.Threading.CancellationToken)&#xD;
   at GdUnit4.Core.Runners.BaseTestRunner+&lt;&gt;c__DisplayClass19_0+&lt;&lt;RunAndWait&gt;b__0&gt;d.MoveNext()&#xD;
   at System.Runtime.CompilerServices.AsyncMethodBuilderCore.Start[[System.__Canon, System.Private.CoreLib, Version=9.0.0.0, Culture=neutral, PublicKeyToken=7cec85d7bea7798e]](System.__Canon ByRef)&#xD;
   at GdUnit4.Core.Runners.BaseTestRunner+&lt;&gt;c__DisplayClass19_0.&lt;RunAndWait&gt;b__0()&#xD;
   at System.Threading.Tasks.Task`1[[System.__Canon, System.Private.CoreLib, Version=9.0.0.0, Culture=neutral, PublicKeyToken=7cec85d7bea7798e]].InnerInvoke()&#xD;
   at System.Threading.ExecutionContext.RunFromThreadPoolDispatchLoop(System.Threading.Thread, System.Threading.ExecutionContext, System.Threading.ContextCallback, System.Object)&#xD;
   at System.Threading.Tasks.Task.ExecuteWithThreadLocal(System.Threading.Tasks.Task ByRef, System.Threading.Thread)&#xD;
   at System.Threading.ThreadPoolWorkQueue.Dispatch()&#xD;
   at System.Threading.PortableThreadPool+WorkerThread.WorkerThreadStart()&#xD;
</Text>
      </RunInfo>
    </RunInfos>
  </ResultSummary>
</TestRun>